<?xml version="1.0" encoding="UTF-8"?>
<testsuites>
  <testsuite name="D:\Projets\esudelib-react-main\esudelib-react\phpunit.xml" tests="169" assertions="713" errors="0" failures="0" skipped="0" time="149.837221">
    <testsuite name="Unit" tests="125" assertions="592" errors="0" failures="0" skipped="0" time="110.580906">
      <testsuite name="Tests\Unit\Controllers\DashboardControllerTest" file="D:\Projets\esudelib-react-main\esudelib-react\tests\Unit\Controllers\DashboardControllerTest.php" tests="9" assertions="164" errors="0" failures="0" skipped="0" time="12.039155">
        <testcase name="test_student_dashboard_shows_correct_stats" file="D:\Projets\esudelib-react-main\esudelib-react\tests\Unit\Controllers\DashboardControllerTest.php" line="27" class="Tests\Unit\Controllers\DashboardControllerTest" classname="Tests.Unit.Controllers.DashboardControllerTest" assertions="19" time="4.841676"/>
        <testcase name="test_student_dashboard_with_no_courses" file="D:\Projets\esudelib-react-main\esudelib-react\tests\Unit\Controllers\DashboardControllerTest.php" line="66" class="Tests\Unit\Controllers\DashboardControllerTest" classname="Tests.Unit.Controllers.DashboardControllerTest" assertions="19" time="0.955958"/>
        <testcase name="test_teacher_dashboard_shows_correct_stats" file="D:\Projets\esudelib-react-main\esudelib-react\tests\Unit\Controllers\DashboardControllerTest.php" line="101" class="Tests\Unit\Controllers\DashboardControllerTest" classname="Tests.Unit.Controllers.DashboardControllerTest" assertions="19" time="0.913564"/>
        <testcase name="test_admin_dashboard_shows_correct_stats" file="D:\Projets\esudelib-react-main\esudelib-react\tests\Unit\Controllers\DashboardControllerTest.php" line="135" class="Tests\Unit\Controllers\DashboardControllerTest" classname="Tests.Unit.Controllers.DashboardControllerTest" assertions="25" time="0.763915"/>
        <testcase name="test_unauthenticated_user_cannot_access_dashboard" file="D:\Projets\esudelib-react-main\esudelib-react\tests\Unit\Controllers\DashboardControllerTest.php" line="173" class="Tests\Unit\Controllers\DashboardControllerTest" classname="Tests.Unit.Controllers.DashboardControllerTest" assertions="2" time="0.830930"/>
        <testcase name="test_student_dashboard_calculates_average_correctly" file="D:\Projets\esudelib-react-main\esudelib-react\tests\Unit\Controllers\DashboardControllerTest.php" line="182" class="Tests\Unit\Controllers\DashboardControllerTest" classname="Tests.Unit.Controllers.DashboardControllerTest" assertions="14" time="0.817092"/>
        <testcase name="test_student_dashboard_shows_recent_notes_with_courses" file="D:\Projets\esudelib-react-main\esudelib-react\tests\Unit\Controllers\DashboardControllerTest.php" line="213" class="Tests\Unit\Controllers\DashboardControllerTest" classname="Tests.Unit.Controllers.DashboardControllerTest" assertions="19" time="1.218956"/>
        <testcase name="test_teacher_dashboard_with_no_courses" file="D:\Projets\esudelib-react-main\esudelib-react\tests\Unit\Controllers\DashboardControllerTest.php" line="253" class="Tests\Unit\Controllers\DashboardControllerTest" classname="Tests.Unit.Controllers.DashboardControllerTest" assertions="17" time="0.983310"/>
        <testcase name="test_dashboard_routes_based_on_user_role" file="D:\Projets\esudelib-react-main\esudelib-react\tests\Unit\Controllers\DashboardControllerTest.php" line="286" class="Tests\Unit\Controllers\DashboardControllerTest" classname="Tests.Unit.Controllers.DashboardControllerTest" assertions="30" time="0.713755"/>
      </testsuite>
      <testsuite name="Tests\Unit\ExampleTest" file="D:\Projets\esudelib-react-main\esudelib-react\tests\Unit\ExampleTest.php" tests="1" assertions="1" errors="0" failures="0" skipped="0" time="0.739014">
        <testcase name="test_that_true_is_true" file="D:\Projets\esudelib-react-main\esudelib-react\tests\Unit\ExampleTest.php" line="12" class="Tests\Unit\ExampleTest" classname="Tests.Unit.ExampleTest" assertions="1" time="0.739014"/>
      </testsuite>
      <testsuite name="Tests\Unit\Modules\Institution\CourseControllerTest" file="D:\Projets\esudelib-react-main\esudelib-react\tests\Unit\Modules\Institution\CourseControllerTest.php" tests="5" assertions="21" errors="0" failures="0" skipped="0" time="3.342092">
        <testcase name="test_index_displays_courses_list" file="D:\Projets\esudelib-react-main\esudelib-react\tests\Unit\Modules\Institution\CourseControllerTest.php" line="14" class="Tests\Unit\Modules\Institution\CourseControllerTest" classname="Tests.Unit.Modules.Institution.CourseControllerTest" assertions="11" time="0.708806"/>
        <testcase name="test_store_creates_new_course" file="D:\Projets\esudelib-react-main\esudelib-react\tests\Unit\Modules\Institution\CourseControllerTest.php" line="32" class="Tests\Unit\Modules\Institution\CourseControllerTest" classname="Tests.Unit.Modules.Institution.CourseControllerTest" assertions="3" time="0.736867"/>
        <testcase name="test_update_modifies_course_data" file="D:\Projets\esudelib-react-main\esudelib-react\tests\Unit\Modules\Institution\CourseControllerTest.php" line="50" class="Tests\Unit\Modules\Institution\CourseControllerTest" classname="Tests.Unit.Modules.Institution.CourseControllerTest" assertions="3" time="0.629474"/>
        <testcase name="test_destroy_deletes_course" file="D:\Projets\esudelib-react-main\esudelib-react\tests\Unit\Modules\Institution\CourseControllerTest.php" line="70" class="Tests\Unit\Modules\Institution\CourseControllerTest" classname="Tests.Unit.Modules.Institution.CourseControllerTest" assertions="3" time="0.643561"/>
        <testcase name="test_unauthorized_user_cannot_create_course" file="D:\Projets\esudelib-react-main\esudelib-react\tests\Unit\Modules\Institution\CourseControllerTest.php" line="84" class="Tests\Unit\Modules\Institution\CourseControllerTest" classname="Tests.Unit.Modules.Institution.CourseControllerTest" assertions="1" time="0.623385"/>
      </testsuite>
      <testsuite name="Tests\Unit\Modules\Jury\JuryControllerTest" file="D:\Projets\esudelib-react-main\esudelib-react\tests\Unit\Modules\Jury\JuryControllerTest.php" tests="25" assertions="109" errors="0" failures="0" skipped="0" time="21.643603">
        <testcase name="test_dashboard_displays_jury_statistics" file="D:\Projets\esudelib-react-main\esudelib-react\tests\Unit\Modules\Jury\JuryControllerTest.php" line="56" class="Tests\Unit\Modules\Jury\JuryControllerTest" classname="Tests.Unit.Modules.Jury.JuryControllerTest" assertions="11" time="1.074662"/>
        <testcase name="test_dashboard_requires_context" file="D:\Projets\esudelib-react-main\esudelib-react\tests\Unit\Modules\Jury\JuryControllerTest.php" line="93" class="Tests\Unit\Modules\Jury\JuryControllerTest" classname="Tests.Unit.Modules.Jury.JuryControllerTest" assertions="1" time="0.908351"/>
        <testcase name="test_results_displays_students_list" file="D:\Projets\esudelib-react-main\esudelib-react\tests\Unit\Modules\Jury\JuryControllerTest.php" line="101" class="Tests\Unit\Modules\Jury\JuryControllerTest" classname="Tests.Unit.Modules.Jury.JuryControllerTest" assertions="11" time="0.668943"/>
        <testcase name="test_save_grades_updates_student_notes" file="D:\Projets\esudelib-react-main\esudelib-react\tests\Unit\Modules\Jury\JuryControllerTest.php" line="126" class="Tests\Unit\Modules\Jury\JuryControllerTest" classname="Tests.Unit.Modules.Jury.JuryControllerTest" assertions="2" time="0.853657"/>
        <testcase name="test_publish_results_sends_sms" file="D:\Projets\esudelib-react-main\esudelib-react\tests\Unit\Modules\Jury\JuryControllerTest.php" line="158" class="Tests\Unit\Modules\Jury\JuryControllerTest" classname="Tests.Unit.Modules.Jury.JuryControllerTest" assertions="2" time="1.003165"/>
        <testcase name="test_export_results_downloads_excel" file="D:\Projets\esudelib-react-main\esudelib-react\tests\Unit\Modules\Jury\JuryControllerTest.php" line="193" class="Tests\Unit\Modules\Jury\JuryControllerTest" classname="Tests.Unit.Modules.Jury.JuryControllerTest" assertions="2" time="0.875201"/>
        <testcase name="test_add_points_to_course" file="D:\Projets\esudelib-react-main\esudelib-react\tests\Unit\Modules\Jury\JuryControllerTest.php" line="210" class="Tests\Unit\Modules\Jury\JuryControllerTest" classname="Tests.Unit.Modules.Jury.JuryControllerTest" assertions="3" time="0.717459"/>
        <testcase name="test_update_note" file="D:\Projets\esudelib-react-main\esudelib-react\tests\Unit\Modules\Jury\JuryControllerTest.php" line="254" class="Tests\Unit\Modules\Jury\JuryControllerTest" classname="Tests.Unit.Modules.Jury.JuryControllerTest" assertions="2" time="0.669169"/>
        <testcase name="test_get_student_academic_history" file="D:\Projets\esudelib-react-main\esudelib-react\tests\Unit\Modules\Jury\JuryControllerTest.php" line="272" class="Tests\Unit\Modules\Jury\JuryControllerTest" classname="Tests.Unit.Modules.Jury.JuryControllerTest" assertions="29" time="1.038782"/>
        <testcase name="test_apply_global_equalization" file="D:\Projets\esudelib-react-main\esudelib-react\tests\Unit\Modules\Jury\JuryControllerTest.php" line="327" class="Tests\Unit\Modules\Jury\JuryControllerTest" classname="Tests.Unit.Modules.Jury.JuryControllerTest" assertions="3" time="0.774918"/>
        <testcase name="test_update_course_details" file="D:\Projets\esudelib-react-main\esudelib-react\tests\Unit\Modules\Jury\JuryControllerTest.php" line="379" class="Tests\Unit\Modules\Jury\JuryControllerTest" classname="Tests.Unit.Modules.Jury.JuryControllerTest" assertions="2" time="0.905238"/>
        <testcase name="test_update_course_details_without_program_detail_id" file="D:\Projets\esudelib-react-main\esudelib-react\tests\Unit\Modules\Jury\JuryControllerTest.php" line="424" class="Tests\Unit\Modules\Jury\JuryControllerTest" classname="Tests.Unit.Modules.Jury.JuryControllerTest" assertions="2" time="0.623079"/>
        <testcase name="test_show_prediction_interface" file="D:\Projets\esudelib-react-main\esudelib-react\tests\Unit\Modules\Jury\JuryControllerTest.php" line="453" class="Tests\Unit\Modules\Jury\JuryControllerTest" classname="Tests.Unit.Modules.Jury.JuryControllerTest" assertions="13" time="0.789280"/>
        <testcase name="test_train_model" file="D:\Projets\esudelib-react-main\esudelib-react\tests\Unit\Modules\Jury\JuryControllerTest.php" line="490" class="Tests\Unit\Modules\Jury\JuryControllerTest" classname="Tests.Unit.Modules.Jury.JuryControllerTest" assertions="2" time="0.596167"/>
        <testcase name="test_predict_orientation_for_student" file="D:\Projets\esudelib-react-main\esudelib-react\tests\Unit\Modules\Jury\JuryControllerTest.php" line="506" class="Tests\Unit\Modules\Jury\JuryControllerTest" classname="Tests.Unit.Modules.Jury.JuryControllerTest" assertions="2" time="0.631425"/>
        <testcase name="test_predict_batch" file="D:\Projets\esudelib-react-main\esudelib-react\tests\Unit\Modules\Jury\JuryControllerTest.php" line="528" class="Tests\Unit\Modules\Jury\JuryControllerTest" classname="Tests.Unit.Modules.Jury.JuryControllerTest" assertions="2" time="0.771859"/>
        <testcase name="test_student_prediction_interface" file="D:\Projets\esudelib-react-main\esudelib-react\tests\Unit\Modules\Jury\JuryControllerTest.php" line="585" class="Tests\Unit\Modules\Jury\JuryControllerTest" classname="Tests.Unit.Modules.Jury.JuryControllerTest" assertions="12" time="0.657931"/>
        <testcase name="test_get_model_status" file="D:\Projets\esudelib-react-main\esudelib-react\tests\Unit\Modules\Jury\JuryControllerTest.php" line="610" class="Tests\Unit\Modules\Jury\JuryControllerTest" classname="Tests.Unit.Modules.Jury.JuryControllerTest" assertions="1" time="0.614935"/>
        <testcase name="test_non_jury_member_cannot_access_jury_dashboard" file="D:\Projets\esudelib-react-main\esudelib-react\tests\Unit\Modules\Jury\JuryControllerTest.php" line="627" class="Tests\Unit\Modules\Jury\JuryControllerTest" classname="Tests.Unit.Modules.Jury.JuryControllerTest" assertions="1" time="1.039968"/>
        <testcase name="test_non_jury_member_cannot_access_orientation_prediction" file="D:\Projets\esudelib-react-main\esudelib-react\tests\Unit\Modules\Jury\JuryControllerTest.php" line="634" class="Tests\Unit\Modules\Jury\JuryControllerTest" classname="Tests.Unit.Modules.Jury.JuryControllerTest" assertions="1" time="0.769834"/>
        <testcase name="test_non_jury_member_cannot_access_results" file="D:\Projets\esudelib-react-main\esudelib-react\tests\Unit\Modules\Jury\JuryControllerTest.php" line="641" class="Tests\Unit\Modules\Jury\JuryControllerTest" classname="Tests.Unit.Modules.Jury.JuryControllerTest" assertions="1" time="0.769703"/>
        <testcase name="test_jury_index_returns_view" file="D:\Projets\esudelib-react-main\esudelib-react\tests\Unit\Modules\Jury\JuryControllerTest.php" line="650" class="Tests\Unit\Modules\Jury\JuryControllerTest" classname="Tests.Unit.Modules.Jury.JuryControllerTest" assertions="1" time="1.446524"/>
        <testcase name="test_jury_create_returns_view" file="D:\Projets\esudelib-react-main\esudelib-react\tests\Unit\Modules\Jury\JuryControllerTest.php" line="657" class="Tests\Unit\Modules\Jury\JuryControllerTest" classname="Tests.Unit.Modules.Jury.JuryControllerTest" assertions="1" time="1.064657"/>
        <testcase name="test_jury_show_returns_view" file="D:\Projets\esudelib-react-main\esudelib-react\tests\Unit\Modules\Jury\JuryControllerTest.php" line="664" class="Tests\Unit\Modules\Jury\JuryControllerTest" classname="Tests.Unit.Modules.Jury.JuryControllerTest" assertions="1" time="1.298555"/>
        <testcase name="test_jury_edit_returns_view" file="D:\Projets\esudelib-react-main\esudelib-react\tests\Unit\Modules\Jury\JuryControllerTest.php" line="672" class="Tests\Unit\Modules\Jury\JuryControllerTest" classname="Tests.Unit.Modules.Jury.JuryControllerTest" assertions="1" time="1.080139"/>
      </testsuite>
      <testsuite name="Tests\Unit\Modules\Student\StudentControllerTest" file="D:\Projets\esudelib-react-main\esudelib-react\tests\Unit\Modules\Student\StudentControllerTest.php" tests="11" assertions="87" errors="0" failures="0" skipped="0" time="9.546652">
        <testcase name="test_dashboard_displays_student_information" file="D:\Projets\esudelib-react-main\esudelib-react\tests\Unit\Modules\Student\StudentControllerTest.php" line="28" class="Tests\Unit\Modules\Student\StudentControllerTest" classname="Tests.Unit.Modules.Student.StudentControllerTest" assertions="13" time="0.791183"/>
        <testcase name="test_dashboard_calculates_correct_statistics" file="D:\Projets\esudelib-react-main\esudelib-react\tests\Unit\Modules\Student\StudentControllerTest.php" line="66" class="Tests\Unit\Modules\Student\StudentControllerTest" classname="Tests.Unit.Modules.Student.StudentControllerTest" assertions="15" time="0.729643"/>
        <testcase name="test_index_displays_available_courses" file="D:\Projets\esudelib-react-main\esudelib-react\tests\Unit\Modules\Student\StudentControllerTest.php" line="104" class="Tests\Unit\Modules\Student\StudentControllerTest" classname="Tests.Unit.Modules.Student.StudentControllerTest" assertions="11" time="0.715329"/>
        <testcase name="test_store_courses_saves_selections" file="D:\Projets\esudelib-react-main\esudelib-react\tests\Unit\Modules\Student\StudentControllerTest.php" line="129" class="Tests\Unit\Modules\Student\StudentControllerTest" classname="Tests.Unit.Modules.Student.StudentControllerTest" assertions="3" time="0.698010"/>
        <testcase name="test_results_displays_student_grades" file="D:\Projets\esudelib-react-main\esudelib-react\tests\Unit\Modules\Student\StudentControllerTest.php" line="156" class="Tests\Unit\Modules\Student\StudentControllerTest" classname="Tests.Unit.Modules.Student.StudentControllerTest" assertions="12" time="0.708720"/>
        <testcase name="test_results_show_appeal_option_for_failed_courses" file="D:\Projets\esudelib-react-main\esudelib-react\tests\Unit\Modules\Student\StudentControllerTest.php" line="188" class="Tests\Unit\Modules\Student\StudentControllerTest" classname="Tests.Unit.Modules.Student.StudentControllerTest" assertions="15" time="0.680818"/>
        <testcase name="test_create_appeal_displays_failed_courses" file="D:\Projets\esudelib-react-main\esudelib-react\tests\Unit\Modules\Student\StudentControllerTest.php" line="222" class="Tests\Unit\Modules\Student\StudentControllerTest" classname="Tests.Unit.Modules.Student.StudentControllerTest" assertions="11" time="1.429668"/>
        <testcase name="test_store_appeal_creates_payment_record" file="D:\Projets\esudelib-react-main\esudelib-react\tests\Unit\Modules\Student\StudentControllerTest.php" line="252" class="Tests\Unit\Modules\Student\StudentControllerTest" classname="Tests.Unit.Modules.Student.StudentControllerTest" assertions="2" time="1.845246"/>
        <testcase name="test_store_appeal_with_documents" file="D:\Projets\esudelib-react-main\esudelib-react\tests\Unit\Modules\Student\StudentControllerTest.php" line="294" class="Tests\Unit\Modules\Student\StudentControllerTest" classname="Tests.Unit.Modules.Student.StudentControllerTest" assertions="2" time="0.701639"/>
        <testcase name="test_check_payment_status_returns_correct_status" file="D:\Projets\esudelib-react-main\esudelib-react\tests\Unit\Modules\Student\StudentControllerTest.php" line="332" class="Tests\Unit\Modules\Student\StudentControllerTest" classname="Tests.Unit.Modules.Student.StudentControllerTest" assertions="1" time="0.643655"/>
        <testcase name="test_unauthenticated_user_cannot_access_dashboard" file="D:\Projets\esudelib-react-main\esudelib-react\tests\Unit\Modules\Student\StudentControllerTest.php" line="355" class="Tests\Unit\Modules\Student\StudentControllerTest" classname="Tests.Unit.Modules.Student.StudentControllerTest" assertions="2" time="0.602740"/>
      </testsuite>
      <testsuite name="Tests\Unit\Modules\Teacher\TeacherControllerTest" file="D:\Projets\esudelib-react-main\esudelib-react\tests\Unit\Modules\Teacher\TeacherControllerTest.php" tests="6" assertions="55" errors="0" failures="0" skipped="0" time="5.537431">
        <testcase name="test_teacher_can_view_assigned_courses" file="D:\Projets\esudelib-react-main\esudelib-react\tests\Unit\Modules\Teacher\TeacherControllerTest.php" line="33" class="Tests\Unit\Modules\Teacher\TeacherControllerTest" classname="Tests.Unit.Modules.Teacher.TeacherControllerTest" assertions="12" time="1.400785"/>
        <testcase name="test_teacher_can_view_course_submit_form" file="D:\Projets\esudelib-react-main\esudelib-react\tests\Unit\Modules\Teacher\TeacherControllerTest.php" line="61" class="Tests\Unit\Modules\Teacher\TeacherControllerTest" classname="Tests.Unit.Modules.Teacher.TeacherControllerTest" assertions="14" time="0.744409"/>
        <testcase name="test_teacher_can_view_appeals_for_course" file="D:\Projets\esudelib-react-main\esudelib-react\tests\Unit\Modules\Teacher\TeacherControllerTest.php" line="86" class="Tests\Unit\Modules\Teacher\TeacherControllerTest" classname="Tests.Unit.Modules.Teacher.TeacherControllerTest" assertions="13" time="0.776587"/>
        <testcase name="test_teacher_can_access_online_editor" file="D:\Projets\esudelib-react-main\esudelib-react\tests\Unit\Modules\Teacher\TeacherControllerTest.php" line="115" class="Tests\Unit\Modules\Teacher\TeacherControllerTest" classname="Tests.Unit.Modules.Teacher.TeacherControllerTest" assertions="14" time="1.077829"/>
        <testcase name="test_unauthenticated_user_cannot_access_teacher_courses" file="D:\Projets\esudelib-react-main\esudelib-react\tests\Unit\Modules\Teacher\TeacherControllerTest.php" line="139" class="Tests\Unit\Modules\Teacher\TeacherControllerTest" classname="Tests.Unit.Modules.Teacher.TeacherControllerTest" assertions="1" time="0.750415"/>
        <testcase name="test_teacher_cannot_access_other_teacher_course_appeals" file="D:\Projets\esudelib-react-main\esudelib-react\tests\Unit\Modules\Teacher\TeacherControllerTest.php" line="150" class="Tests\Unit\Modules\Teacher\TeacherControllerTest" classname="Tests.Unit.Modules.Teacher.TeacherControllerTest" assertions="1" time="0.787406"/>
      </testsuite>
      <testsuite name="Tests\Unit\Services\CinetPayServiceTest" file="D:\Projets\esudelib-react-main\esudelib-react\tests\Unit\Services\CinetPayServiceTest.php" tests="9" assertions="18" errors="0" failures="0" skipped="0" time="7.999716">
        <testcase name="test_initialize_payment_success" file="D:\Projets\esudelib-react-main\esudelib-react\tests\Unit\Services\CinetPayServiceTest.php" line="39" class="Tests\Unit\Services\CinetPayServiceTest" classname="Tests.Unit.Services.CinetPayServiceTest" assertions="4" time="2.041834"/>
        <testcase name="test_initialize_payment_failure" file="D:\Projets\esudelib-react-main\esudelib-react\tests\Unit\Services\CinetPayServiceTest.php" line="79" class="Tests\Unit\Services\CinetPayServiceTest" classname="Tests.Unit.Services.CinetPayServiceTest" assertions="2" time="0.772880"/>
        <testcase name="test_verify_payment_success" file="D:\Projets\esudelib-react-main\esudelib-react\tests\Unit\Services\CinetPayServiceTest.php" line="113" class="Tests\Unit\Services\CinetPayServiceTest" classname="Tests.Unit.Services.CinetPayServiceTest" assertions="3" time="0.687769"/>
        <testcase name="test_verify_payment_pending" file="D:\Projets\esudelib-react-main\esudelib-react\tests\Unit\Services\CinetPayServiceTest.php" line="143" class="Tests\Unit\Services\CinetPayServiceTest" classname="Tests.Unit.Services.CinetPayServiceTest" assertions="2" time="0.642430"/>
        <testcase name="test_verify_payment_rejected" file="D:\Projets\esudelib-react-main\esudelib-react\tests\Unit\Services\CinetPayServiceTest.php" line="171" class="Tests\Unit\Services\CinetPayServiceTest" classname="Tests.Unit.Services.CinetPayServiceTest" assertions="2" time="0.747840"/>
        <testcase name="test_validate_webhook_signature_success" file="D:\Projets\esudelib-react-main\esudelib-react\tests\Unit\Services\CinetPayServiceTest.php" line="199" class="Tests\Unit\Services\CinetPayServiceTest" classname="Tests.Unit.Services.CinetPayServiceTest" assertions="1" time="0.684106"/>
        <testcase name="test_validate_webhook_signature_failure" file="D:\Projets\esudelib-react-main\esudelib-react\tests\Unit\Services\CinetPayServiceTest.php" line="223" class="Tests\Unit\Services\CinetPayServiceTest" classname="Tests.Unit.Services.CinetPayServiceTest" assertions="1" time="1.183781"/>
        <testcase name="test_payment_request_includes_api_key" file="D:\Projets\esudelib-react-main\esudelib-react\tests\Unit\Services\CinetPayServiceTest.php" line="247" class="Tests\Unit\Services\CinetPayServiceTest" classname="Tests.Unit.Services.CinetPayServiceTest" assertions="1" time="0.612267"/>
        <testcase name="test_handles_network_exception" file="D:\Projets\esudelib-react-main\esudelib-react\tests\Unit\Services\CinetPayServiceTest.php" line="284" class="Tests\Unit\Services\CinetPayServiceTest" classname="Tests.Unit.Services.CinetPayServiceTest" assertions="2" time="0.626809"/>
      </testsuite>
      <testsuite name="Tests\Unit\Services\FlexPayServiceTest" file="D:\Projets\esudelib-react-main\esudelib-react\tests\Unit\Services\FlexPayServiceTest.php" tests="15" assertions="34" errors="0" failures="0" skipped="0" time="12.719858">
        <testcase name="test_create_mobile_payment_success" file="D:\Projets\esudelib-react-main\esudelib-react\tests\Unit\Services\FlexPayServiceTest.php" line="42" class="Tests\Unit\Services\FlexPayServiceTest" classname="Tests.Unit.Services.FlexPayServiceTest" assertions="3" time="0.724628"/>
        <testcase name="test_mobile_payment_formats_phone_number_from_10_digits" file="D:\Projets\esudelib-react-main\esudelib-react\tests\Unit\Services\FlexPayServiceTest.php" line="75" class="Tests\Unit\Services\FlexPayServiceTest" classname="Tests.Unit.Services.FlexPayServiceTest" assertions="2" time="1.107450"/>
        <testcase name="test_mobile_payment_formats_phone_number_from_9_digits" file="D:\Projets\esudelib-react-main\esudelib-react\tests\Unit\Services\FlexPayServiceTest.php" line="111" class="Tests\Unit\Services\FlexPayServiceTest" classname="Tests.Unit.Services.FlexPayServiceTest" assertions="1" time="0.657747"/>
        <testcase name="test_mobile_payment_keeps_formatted_phone_number" file="D:\Projets\esudelib-react-main\esudelib-react\tests\Unit\Services\FlexPayServiceTest.php" line="144" class="Tests\Unit\Services\FlexPayServiceTest" classname="Tests.Unit.Services.FlexPayServiceTest" assertions="1" time="0.707674"/>
        <testcase name="test_create_mobile_payment_failure" file="D:\Projets\esudelib-react-main\esudelib-react\tests\Unit\Services\FlexPayServiceTest.php" line="177" class="Tests\Unit\Services\FlexPayServiceTest" classname="Tests.Unit.Services.FlexPayServiceTest" assertions="2" time="0.640122"/>
        <testcase name="test_create_card_payment_success" file="D:\Projets\esudelib-react-main\esudelib-react\tests\Unit\Services\FlexPayServiceTest.php" line="208" class="Tests\Unit\Services\FlexPayServiceTest" classname="Tests.Unit.Services.FlexPayServiceTest" assertions="4" time="0.607748"/>
        <testcase name="test_card_payment_includes_post_data" file="D:\Projets\esudelib-react-main\esudelib-react\tests\Unit\Services\FlexPayServiceTest.php" line="244" class="Tests\Unit\Services\FlexPayServiceTest" classname="Tests.Unit.Services.FlexPayServiceTest" assertions="4" time="0.578962"/>
        <testcase name="test_check_transaction_success" file="D:\Projets\esudelib-react-main\esudelib-react\tests\Unit\Services\FlexPayServiceTest.php" line="280" class="Tests\Unit\Services\FlexPayServiceTest" classname="Tests.Unit.Services.FlexPayServiceTest" assertions="3" time="0.601455"/>
        <testcase name="test_check_transaction_pending_then_success" file="D:\Projets\esudelib-react-main\esudelib-react\tests\Unit\Services\FlexPayServiceTest.php" line="308" class="Tests\Unit\Services\FlexPayServiceTest" classname="Tests.Unit.Services.FlexPayServiceTest" assertions="3" time="2.657208"/>
        <testcase name="test_check_transaction_failure" file="D:\Projets\esudelib-react-main\esudelib-react\tests\Unit\Services\FlexPayServiceTest.php" line="345" class="Tests\Unit\Services\FlexPayServiceTest" classname="Tests.Unit.Services.FlexPayServiceTest" assertions="2" time="0.663095"/>
        <testcase name="test_merchant_payout_success" file="D:\Projets\esudelib-react-main\esudelib-react\tests\Unit\Services\FlexPayServiceTest.php" line="368" class="Tests\Unit\Services\FlexPayServiceTest" classname="Tests.Unit.Services.FlexPayServiceTest" assertions="3" time="0.706520"/>
        <testcase name="test_payout_formats_phone_number" file="D:\Projets\esudelib-react-main\esudelib-react\tests\Unit\Services\FlexPayServiceTest.php" line="401" class="Tests\Unit\Services\FlexPayServiceTest" classname="Tests.Unit.Services.FlexPayServiceTest" assertions="1" time="0.693876"/>
        <testcase name="test_merchant_payout_failure" file="D:\Projets\esudelib-react-main\esudelib-react\tests\Unit\Services\FlexPayServiceTest.php" line="434" class="Tests\Unit\Services\FlexPayServiceTest" classname="Tests.Unit.Services.FlexPayServiceTest" assertions="2" time="0.640693"/>
        <testcase name="test_mobile_payment_handles_exception" file="D:\Projets\esudelib-react-main\esudelib-react\tests\Unit\Services\FlexPayServiceTest.php" line="465" class="Tests\Unit\Services\FlexPayServiceTest" classname="Tests.Unit.Services.FlexPayServiceTest" assertions="2" time="0.639322"/>
        <testcase name="test_requests_include_authorization_header" file="D:\Projets\esudelib-react-main\esudelib-react\tests\Unit\Services\FlexPayServiceTest.php" line="495" class="Tests\Unit\Services\FlexPayServiceTest" classname="Tests.Unit.Services.FlexPayServiceTest" assertions="1" time="1.093359"/>
      </testsuite>
      <testsuite name="Tests\Unit\Services\InfoBipServiceTest" file="D:\Projets\esudelib-react-main\esudelib-react\tests\Unit\Services\InfoBipServiceTest.php" tests="7" assertions="13" errors="0" failures="0" skipped="0" time="4.663608">
        <testcase name="test_send_sms_success" file="D:\Projets\esudelib-react-main\esudelib-react\tests\Unit\Services\InfoBipServiceTest.php" line="37" class="Tests\Unit\Services\InfoBipServiceTest" classname="Tests.Unit.Services.InfoBipServiceTest" assertions="3" time="1.003792"/>
        <testcase name="test_send_sms_to_multiple_recipients" file="D:\Projets\esudelib-react-main\esudelib-react\tests\Unit\Services\InfoBipServiceTest.php" line="71" class="Tests\Unit\Services\InfoBipServiceTest" classname="Tests.Unit.Services.InfoBipServiceTest" assertions="2" time="0.604379"/>
        <testcase name="test_send_sms_failure" file="D:\Projets\esudelib-react-main\esudelib-react\tests\Unit\Services\InfoBipServiceTest.php" line="99" class="Tests\Unit\Services\InfoBipServiceTest" classname="Tests.Unit.Services.InfoBipServiceTest" assertions="2" time="0.582690"/>
        <testcase name="test_check_message_status_delivered" file="D:\Projets\esudelib-react-main\esudelib-react\tests\Unit\Services\InfoBipServiceTest.php" line="126" class="Tests\Unit\Services\InfoBipServiceTest" classname="Tests.Unit.Services.InfoBipServiceTest" assertions="2" time="0.629764"/>
        <testcase name="test_request_includes_authorization_header" file="D:\Projets\esudelib-react-main\esudelib-react\tests\Unit\Services\InfoBipServiceTest.php" line="160" class="Tests\Unit\Services\InfoBipServiceTest" classname="Tests.Unit.Services.InfoBipServiceTest" assertions="1" time="0.593250"/>
        <testcase name="test_send_sms_with_custom_sender" file="D:\Projets\esudelib-react-main\esudelib-react\tests\Unit\Services\InfoBipServiceTest.php" line="183" class="Tests\Unit\Services\InfoBipServiceTest" classname="Tests.Unit.Services.InfoBipServiceTest" assertions="1" time="0.599252"/>
        <testcase name="test_handles_exception" file="D:\Projets\esudelib-react-main\esudelib-react\tests\Unit\Services\InfoBipServiceTest.php" line="207" class="Tests\Unit\Services\InfoBipServiceTest" classname="Tests.Unit.Services.InfoBipServiceTest" assertions="2" time="0.650481"/>
      </testsuite>
      <testsuite name="Tests\Unit\Services\NotificationServiceTest" file="D:\Projets\esudelib-react-main\esudelib-react\tests\Unit\Services\NotificationServiceTest.php" tests="11" assertions="18" errors="0" failures="0" skipped="0" time="10.024869">
        <testcase name="test_student_notifications_with_pending_appeals" file="D:\Projets\esudelib-react-main\esudelib-react\tests\Unit\Services\NotificationServiceTest.php" line="144" class="Tests\Unit\Services\NotificationServiceTest" classname="Tests.Unit.Services.NotificationServiceTest" assertions="3" time="0.986220"/>
        <testcase name="test_student_notifications_with_new_notes" file="D:\Projets\esudelib-react-main\esudelib-react\tests\Unit\Services\NotificationServiceTest.php" line="163" class="Tests\Unit\Services\NotificationServiceTest" classname="Tests.Unit.Services.NotificationServiceTest" assertions="2" time="0.700201"/>
        <testcase name="test_student_notifications_with_payment_reminder" file="D:\Projets\esudelib-react-main\esudelib-react\tests\Unit\Services\NotificationServiceTest.php" line="177" class="Tests\Unit\Services\NotificationServiceTest" classname="Tests.Unit.Services.NotificationServiceTest" assertions="2" time="0.628761"/>
        <testcase name="test_student_notifications_with_overdue_payment" file="D:\Projets\esudelib-react-main\esudelib-react\tests\Unit\Services\NotificationServiceTest.php" line="195" class="Tests\Unit\Services\NotificationServiceTest" classname="Tests.Unit.Services.NotificationServiceTest" assertions="2" time="0.646236"/>
        <testcase name="test_student_with_no_notifications" file="D:\Projets\esudelib-react-main\esudelib-react\tests\Unit\Services\NotificationServiceTest.php" line="210" class="Tests\Unit\Services\NotificationServiceTest" classname="Tests.Unit.Services.NotificationServiceTest" assertions="1" time="0.798244"/>
        <testcase name="test_teacher_notifications_with_upcoming_classes" file="D:\Projets\esudelib-react-main\esudelib-react\tests\Unit\Services\NotificationServiceTest.php" line="221" class="Tests\Unit\Services\NotificationServiceTest" classname="Tests.Unit.Services.NotificationServiceTest" assertions="2" time="0.912576"/>
        <testcase name="test_teacher_notifications_with_pending_appeals" file="D:\Projets\esudelib-react-main\esudelib-react\tests\Unit\Services\NotificationServiceTest.php" line="236" class="Tests\Unit\Services\NotificationServiceTest" classname="Tests.Unit.Services.NotificationServiceTest" assertions="2" time="0.765761"/>
        <testcase name="test_teacher_with_no_notifications" file="D:\Projets\esudelib-react-main\esudelib-react\tests\Unit\Services\NotificationServiceTest.php" line="248" class="Tests\Unit\Services\NotificationServiceTest" classname="Tests.Unit.Services.NotificationServiceTest" assertions="1" time="1.273485"/>
        <testcase name="test_registration_notifications_with_incomplete_registrations" file="D:\Projets\esudelib-react-main\esudelib-react\tests\Unit\Services\NotificationServiceTest.php" line="260" class="Tests\Unit\Services\NotificationServiceTest" classname="Tests.Unit.Services.NotificationServiceTest" assertions="1" time="1.350271"/>
        <testcase name="test_mark_course_appeals_as_read" file="D:\Projets\esudelib-react-main\esudelib-react\tests\Unit\Services\NotificationServiceTest.php" line="272" class="Tests\Unit\Services\NotificationServiceTest" classname="Tests.Unit.Services.NotificationServiceTest" assertions="1" time="0.919546"/>
        <testcase name="test_create_teacher_notification" file="D:\Projets\esudelib-react-main\esudelib-react\tests\Unit\Services\NotificationServiceTest.php" line="283" class="Tests\Unit\Services\NotificationServiceTest" classname="Tests.Unit.Services.NotificationServiceTest" assertions="1" time="1.043567"/>
      </testsuite>
      <testsuite name="Tests\Unit\Services\StudentServiceTest" file="D:\Projets\esudelib-react-main\esudelib-react\tests\Unit\Services\StudentServiceTest.php" tests="3" assertions="11" errors="0" failures="0" skipped="0" time="2.272645">
        <testcase name="test_get_dashboard_stats_calculates_correctly" file="D:\Projets\esudelib-react-main\esudelib-react\tests\Unit\Services\StudentServiceTest.php" line="37" class="Tests\Unit\Services\StudentServiceTest" classname="Tests.Unit.Services.StudentServiceTest" assertions="4" time="0.858974"/>
        <testcase name="test_initiate_appeal_payment_creates_payment_and_config" file="D:\Projets\esudelib-react-main\esudelib-react\tests\Unit\Services\StudentServiceTest.php" line="84" class="Tests\Unit\Services\StudentServiceTest" classname="Tests.Unit.Services.StudentServiceTest" assertions="4" time="0.719143"/>
        <testcase name="test_check_payment_status_verifies_payment" file="D:\Projets\esudelib-react-main\esudelib-react\tests\Unit\Services\StudentServiceTest.php" line="110" class="Tests\Unit\Services\StudentServiceTest" classname="Tests.Unit.Services.StudentServiceTest" assertions="3" time="0.694528"/>
      </testsuite>
      <testsuite name="Tests\Unit\Services\TwilioServiceTest" file="D:\Projets\esudelib-react-main\esudelib-react\tests\Unit\Services\TwilioServiceTest.php" tests="8" assertions="24" errors="0" failures="0" skipped="0" time="8.096054">
        <testcase name="test_send_sms_success" file="D:\Projets\esudelib-react-main\esudelib-react\tests\Unit\Services\TwilioServiceTest.php" line="31" class="Tests\Unit\Services\TwilioServiceTest" classname="Tests.Unit.Services.TwilioServiceTest" assertions="3" time="0.740210"/>
        <testcase name="test_send_whatsapp_message_success" file="D:\Projets\esudelib-react-main\esudelib-react\tests\Unit\Services\TwilioServiceTest.php" line="50" class="Tests\Unit\Services\TwilioServiceTest" classname="Tests.Unit.Services.TwilioServiceTest" assertions="3" time="0.723917"/>
        <testcase name="test_send_sms_failure" file="D:\Projets\esudelib-react-main\esudelib-react\tests\Unit\Services\TwilioServiceTest.php" line="77" class="Tests\Unit\Services\TwilioServiceTest" classname="Tests.Unit.Services.TwilioServiceTest" assertions="2" time="0.662698"/>
        <testcase name="test_formats_phone_number_correctly" file="D:\Projets\esudelib-react-main\esudelib-react\tests\Unit\Services\TwilioServiceTest.php" line="95" class="Tests\Unit\Services\TwilioServiceTest" classname="Tests.Unit.Services.TwilioServiceTest" assertions="2" time="0.959296"/>
        <testcase name="test_get_message_status" file="D:\Projets\esudelib-react-main\esudelib-react\tests\Unit\Services\TwilioServiceTest.php" line="116" class="Tests\Unit\Services\TwilioServiceTest" classname="Tests.Unit.Services.TwilioServiceTest" assertions="2" time="0.703399"/>
        <testcase name="test_send_bulk_sms" file="D:\Projets\esudelib-react-main\esudelib-react\tests\Unit\Services\TwilioServiceTest.php" line="134" class="Tests\Unit\Services\TwilioServiceTest" classname="Tests.Unit.Services.TwilioServiceTest" assertions="9" time="0.722407"/>
        <testcase name="test_handles_network_exception" file="D:\Projets\esudelib-react-main\esudelib-react\tests\Unit\Services\TwilioServiceTest.php" line="161" class="Tests\Unit\Services\TwilioServiceTest" classname="Tests.Unit.Services.TwilioServiceTest" assertions="2" time="1.820207"/>
        <testcase name="test_request_includes_basic_auth" file="D:\Projets\esudelib-react-main\esudelib-react\tests\Unit\Services\TwilioServiceTest.php" line="178" class="Tests\Unit\Services\TwilioServiceTest" classname="Tests.Unit.Services.TwilioServiceTest" assertions="1" time="1.763919"/>
      </testsuite>
      <testsuite name="Tests\Unit\Services\UploadServiceTest" file="D:\Projets\esudelib-react-main\esudelib-react\tests\Unit\Services\UploadServiceTest.php" tests="4" assertions="6" errors="0" failures="0" skipped="0" time="3.603899">
        <testcase name="test_handle_filepond_upload_stores_file" file="D:\Projets\esudelib-react-main\esudelib-react\tests\Unit\Services\UploadServiceTest.php" line="40" class="Tests\Unit\Services\UploadServiceTest" classname="Tests.Unit.Services.UploadServiceTest" assertions="2" time="1.042758"/>
        <testcase name="test_handle_filepond_delete_removes_directory" file="D:\Projets\esudelib-react-main\esudelib-react\tests\Unit\Services\UploadServiceTest.php" line="62" class="Tests\Unit\Services\UploadServiceTest" classname="Tests.Unit.Services.UploadServiceTest" assertions="1" time="0.887734"/>
        <testcase name="test_handle_dropzone_upload_stores_file" file="D:\Projets\esudelib-react-main\esudelib-react\tests\Unit\Services\UploadServiceTest.php" line="80" class="Tests\Unit\Services\UploadServiceTest" classname="Tests.Unit.Services.UploadServiceTest" assertions="2" time="0.865326"/>
        <testcase name="test_handle_dropzone_delete_removes_file" file="D:\Projets\esudelib-react-main\esudelib-react\tests\Unit\Services\UploadServiceTest.php" line="90" class="Tests\Unit\Services\UploadServiceTest" classname="Tests.Unit.Services.UploadServiceTest" assertions="1" time="0.808081"/>
      </testsuite>
      <testsuite name="Tests\Unit\Services\UserServiceTest" file="D:\Projets\esudelib-react-main\esudelib-react\tests\Unit\Services\UserServiceTest.php" tests="3" assertions="7" errors="0" failures="0" skipped="0" time="2.328083">
        <testcase name="test_create_user_creates_new_user_with_role" file="D:\Projets\esudelib-react-main\esudelib-react\tests\Unit\Services\UserServiceTest.php" line="30" class="Tests\Unit\Services\UserServiceTest" classname="Tests.Unit.Services.UserServiceTest" assertions="3" time="0.895362"/>
        <testcase name="test_update_user_updates_data_and_role" file="D:\Projets\esudelib-react-main\esudelib-react\tests\Unit\Services\UserServiceTest.php" line="50" class="Tests\Unit\Services\UserServiceTest" classname="Tests.Unit.Services.UserServiceTest" assertions="3" time="0.773711"/>
        <testcase name="test_delete_user_removes_user" file="D:\Projets\esudelib-react-main\esudelib-react\tests\Unit\Services\UserServiceTest.php" line="78" class="Tests\Unit\Services\UserServiceTest" classname="Tests.Unit.Services.UserServiceTest" assertions="1" time="0.659011"/>
      </testsuite>
      <testsuite name="Tests\Unit\Services\VonageServiceTest" file="D:\Projets\esudelib-react-main\esudelib-react\tests\Unit\Services\VonageServiceTest.php" tests="8" assertions="24" errors="0" failures="0" skipped="0" time="6.024225">
        <testcase name="test_send_sms_success" file="D:\Projets\esudelib-react-main\esudelib-react\tests\Unit\Services\VonageServiceTest.php" line="28" class="Tests\Unit\Services\VonageServiceTest" classname="Tests.Unit.Services.VonageServiceTest" assertions="3" time="0.701632"/>
        <testcase name="test_send_sms_failure" file="D:\Projets\esudelib-react-main\esudelib-react\tests\Unit\Services\VonageServiceTest.php" line="52" class="Tests\Unit\Services\VonageServiceTest" classname="Tests.Unit.Services.VonageServiceTest" assertions="2" time="0.804174"/>
        <testcase name="test_process_delivery_receipt_delivered" file="D:\Projets\esudelib-react-main\esudelib-react\tests\Unit\Services\VonageServiceTest.php" line="74" class="Tests\Unit\Services\VonageServiceTest" classname="Tests.Unit.Services.VonageServiceTest" assertions="3" time="0.819967"/>
        <testcase name="test_process_delivery_receipt_failed" file="D:\Projets\esudelib-react-main\esudelib-react\tests\Unit\Services\VonageServiceTest.php" line="92" class="Tests\Unit\Services\VonageServiceTest" classname="Tests.Unit.Services.VonageServiceTest" assertions="3" time="1.001777"/>
        <testcase name="test_handles_exception" file="D:\Projets\esudelib-react-main\esudelib-react\tests\Unit\Services\VonageServiceTest.php" line="110" class="Tests\Unit\Services\VonageServiceTest" classname="Tests.Unit.Services.VonageServiceTest" assertions="2" time="0.762557"/>
        <testcase name="test_formats_phone_number_correctly" file="D:\Projets\esudelib-react-main\esudelib-react\tests\Unit\Services\VonageServiceTest.php" line="127" class="Tests\Unit\Services\VonageServiceTest" classname="Tests.Unit.Services.VonageServiceTest" assertions="2" time="0.652120"/>
        <testcase name="test_send_bulk_sms" file="D:\Projets\esudelib-react-main\esudelib-react\tests\Unit\Services\VonageServiceTest.php" line="151" class="Tests\Unit\Services\VonageServiceTest" classname="Tests.Unit.Services.VonageServiceTest" assertions="8" time="0.643975"/>
        <testcase name="test_request_includes_basic_auth" file="D:\Projets\esudelib-react-main\esudelib-react\tests\Unit\Services\VonageServiceTest.php" line="179" class="Tests\Unit\Services\VonageServiceTest" classname="Tests.Unit.Services.VonageServiceTest" assertions="1" time="0.638024"/>
      </testsuite>
    </testsuite>
    <testsuite name="Feature" tests="44" assertions="121" errors="0" failures="0" skipped="0" time="39.256316">
      <testsuite name="Tests\Feature\Auth\AuthenticationFlowTest" file="D:\Projets\esudelib-react-main\esudelib-react\tests\Feature\Auth\AuthenticationFlowTest.php" tests="10" assertions="27" errors="0" failures="0" skipped="0" time="13.156370">
        <testcase name="test_user_can_login_with_valid_credentials" file="D:\Projets\esudelib-react-main\esudelib-react\tests\Feature\Auth\AuthenticationFlowTest.php" line="22" class="Tests\Feature\Auth\AuthenticationFlowTest" classname="Tests.Feature.Auth.AuthenticationFlowTest" assertions="5" time="1.025907"/>
        <testcase name="test_user_cannot_login_with_invalid_credentials" file="D:\Projets\esudelib-react-main\esudelib-react\tests\Feature\Auth\AuthenticationFlowTest.php" line="47" class="Tests\Feature\Auth\AuthenticationFlowTest" classname="Tests.Feature.Auth.AuthenticationFlowTest" assertions="2" time="0.656250"/>
        <testcase name="test_user_can_register_with_valid_data" file="D:\Projets\esudelib-react-main\esudelib-react\tests\Feature\Auth\AuthenticationFlowTest.php" line="71" class="Tests\Feature\Auth\AuthenticationFlowTest" classname="Tests.Feature.Auth.AuthenticationFlowTest" assertions="4" time="0.719966"/>
        <testcase name="test_registration_validates_email_uniqueness" file="D:\Projets\esudelib-react-main\esudelib-react\tests\Feature\Auth\AuthenticationFlowTest.php" line="95" class="Tests\Feature\Auth\AuthenticationFlowTest" classname="Tests.Feature.Auth.AuthenticationFlowTest" assertions="2" time="0.661675"/>
        <testcase name="test_user_can_logout" file="D:\Projets\esudelib-react-main\esudelib-react\tests\Feature\Auth\AuthenticationFlowTest.php" line="117" class="Tests\Feature\Auth\AuthenticationFlowTest" classname="Tests.Feature.Auth.AuthenticationFlowTest" assertions="3" time="0.910700"/>
        <testcase name="test_authenticated_user_redirected_from_login" file="D:\Projets\esudelib-react-main\esudelib-react\tests\Feature\Auth\AuthenticationFlowTest.php" line="136" class="Tests\Feature\Auth\AuthenticationFlowTest" classname="Tests.Feature.Auth.AuthenticationFlowTest" assertions="2" time="0.692614"/>
        <testcase name="test_password_reset_link_can_be_requested" file="D:\Projets\esudelib-react-main\esudelib-react\tests\Feature\Auth\AuthenticationFlowTest.php" line="154" class="Tests\Feature\Auth\AuthenticationFlowTest" classname="Tests.Feature.Auth.AuthenticationFlowTest" assertions="1" time="6.422111"/>
        <testcase name="test_password_can_be_reset_with_valid_token" file="D:\Projets\esudelib-react-main\esudelib-react\tests\Feature\Auth\AuthenticationFlowTest.php" line="173" class="Tests\Feature\Auth\AuthenticationFlowTest" classname="Tests.Feature.Auth.AuthenticationFlowTest" assertions="3" time="0.660058"/>
        <testcase name="test_session_timeout_redirects_to_login" file="D:\Projets\esudelib-react-main\esudelib-react\tests\Feature\Auth\AuthenticationFlowTest.php" line="197" class="Tests\Feature\Auth\AuthenticationFlowTest" classname="Tests.Feature.Auth.AuthenticationFlowTest" assertions="2" time="0.608249"/>
        <testcase name="test_remember_me_functionality" file="D:\Projets\esudelib-react-main\esudelib-react\tests\Feature\Auth\AuthenticationFlowTest.php" line="218" class="Tests\Feature\Auth\AuthenticationFlowTest" classname="Tests.Feature.Auth.AuthenticationFlowTest" assertions="3" time="0.798840"/>
      </testsuite>
      <testsuite name="Tests\Feature\Auth\AuthenticationTest" file="D:\Projets\esudelib-react-main\esudelib-react\tests\Feature\Auth\AuthenticationTest.php" tests="4" assertions="8" errors="0" failures="0" skipped="0" time="2.617608">
        <testcase name="test_login_screen_can_be_rendered" file="D:\Projets\esudelib-react-main\esudelib-react\tests\Feature\Auth\AuthenticationTest.php" line="13" class="Tests\Feature\Auth\AuthenticationTest" classname="Tests.Feature.Auth.AuthenticationTest" assertions="1" time="0.779683"/>
        <testcase name="test_users_can_authenticate_using_the_login_screen" file="D:\Projets\esudelib-react-main\esudelib-react\tests\Feature\Auth\AuthenticationTest.php" line="20" class="Tests\Feature\Auth\AuthenticationTest" classname="Tests.Feature.Auth.AuthenticationTest" assertions="3" time="0.620985"/>
        <testcase name="test_users_can_not_authenticate_with_invalid_password" file="D:\Projets\esudelib-react-main\esudelib-react\tests\Feature\Auth\AuthenticationTest.php" line="34" class="Tests\Feature\Auth\AuthenticationTest" classname="Tests.Feature.Auth.AuthenticationTest" assertions="1" time="0.585499"/>
        <testcase name="test_users_can_logout" file="D:\Projets\esudelib-react-main\esudelib-react\tests\Feature\Auth\AuthenticationTest.php" line="46" class="Tests\Feature\Auth\AuthenticationTest" classname="Tests.Feature.Auth.AuthenticationTest" assertions="3" time="0.631442"/>
      </testsuite>
      <testsuite name="Tests\Feature\Auth\EmailVerificationTest" file="D:\Projets\esudelib-react-main\esudelib-react\tests\Feature\Auth\EmailVerificationTest.php" tests="3" assertions="6" errors="0" failures="0" skipped="0" time="2.725672">
        <testcase name="test_email_verification_screen_can_be_rendered" file="D:\Projets\esudelib-react-main\esudelib-react\tests\Feature\Auth\EmailVerificationTest.php" line="16" class="Tests\Feature\Auth\EmailVerificationTest" classname="Tests.Feature.Auth.EmailVerificationTest" assertions="1" time="0.725252"/>
        <testcase name="test_email_can_be_verified" file="D:\Projets\esudelib-react-main\esudelib-react\tests\Feature\Auth\EmailVerificationTest.php" line="25" class="Tests\Feature\Auth\EmailVerificationTest" classname="Tests.Feature.Auth.EmailVerificationTest" assertions="4" time="0.807146"/>
        <testcase name="test_email_is_not_verified_with_invalid_hash" file="D:\Projets\esudelib-react-main\esudelib-react\tests\Feature\Auth\EmailVerificationTest.php" line="44" class="Tests\Feature\Auth\EmailVerificationTest" classname="Tests.Feature.Auth.EmailVerificationTest" assertions="1" time="1.193274"/>
      </testsuite>
      <testsuite name="Tests\Feature\Auth\PasswordConfirmationTest" file="D:\Projets\esudelib-react-main\esudelib-react\tests\Feature\Auth\PasswordConfirmationTest.php" tests="3" assertions="4" errors="0" failures="0" skipped="0" time="2.333713">
        <testcase name="test_confirm_password_screen_can_be_rendered" file="D:\Projets\esudelib-react-main\esudelib-react\tests\Feature\Auth\PasswordConfirmationTest.php" line="13" class="Tests\Feature\Auth\PasswordConfirmationTest" classname="Tests.Feature.Auth.PasswordConfirmationTest" assertions="1" time="0.733057"/>
        <testcase name="test_password_can_be_confirmed" file="D:\Projets\esudelib-react-main\esudelib-react\tests\Feature\Auth\PasswordConfirmationTest.php" line="22" class="Tests\Feature\Auth\PasswordConfirmationTest" classname="Tests.Feature.Auth.PasswordConfirmationTest" assertions="2" time="0.699473"/>
        <testcase name="test_password_is_not_confirmed_with_invalid_password" file="D:\Projets\esudelib-react-main\esudelib-react\tests\Feature\Auth\PasswordConfirmationTest.php" line="34" class="Tests\Feature\Auth\PasswordConfirmationTest" classname="Tests.Feature.Auth.PasswordConfirmationTest" assertions="1" time="0.901183"/>
      </testsuite>
      <testsuite name="Tests\Feature\Auth\PasswordResetTest" file="D:\Projets\esudelib-react-main\esudelib-react\tests\Feature\Auth\PasswordResetTest.php" tests="4" assertions="8" errors="0" failures="0" skipped="0" time="3.413803">
        <testcase name="test_reset_password_link_screen_can_be_rendered" file="D:\Projets\esudelib-react-main\esudelib-react\tests\Feature\Auth\PasswordResetTest.php" line="15" class="Tests\Feature\Auth\PasswordResetTest" classname="Tests.Feature.Auth.PasswordResetTest" assertions="1" time="0.735191"/>
        <testcase name="test_reset_password_link_can_be_requested" file="D:\Projets\esudelib-react-main\esudelib-react\tests\Feature\Auth\PasswordResetTest.php" line="22" class="Tests\Feature\Auth\PasswordResetTest" classname="Tests.Feature.Auth.PasswordResetTest" assertions="1" time="0.898571"/>
        <testcase name="test_reset_password_screen_can_be_rendered" file="D:\Projets\esudelib-react-main\esudelib-react\tests\Feature\Auth\PasswordResetTest.php" line="33" class="Tests\Feature\Auth\PasswordResetTest" classname="Tests.Feature.Auth.PasswordResetTest" assertions="2" time="0.903743"/>
        <testcase name="test_password_can_be_reset_with_valid_token" file="D:\Projets\esudelib-react-main\esudelib-react\tests\Feature\Auth\PasswordResetTest.php" line="50" class="Tests\Feature\Auth\PasswordResetTest" classname="Tests.Feature.Auth.PasswordResetTest" assertions="4" time="0.876298"/>
      </testsuite>
      <testsuite name="Tests\Feature\Auth\RegistrationTest" file="D:\Projets\esudelib-react-main\esudelib-react\tests\Feature\Auth\RegistrationTest.php" tests="2" assertions="4" errors="0" failures="0" skipped="0" time="1.385777">
        <testcase name="test_registration_screen_can_be_rendered" file="D:\Projets\esudelib-react-main\esudelib-react\tests\Feature\Auth\RegistrationTest.php" line="12" class="Tests\Feature\Auth\RegistrationTest" classname="Tests.Feature.Auth.RegistrationTest" assertions="1" time="0.710859"/>
        <testcase name="test_new_users_can_register" file="D:\Projets\esudelib-react-main\esudelib-react\tests\Feature\Auth\RegistrationTest.php" line="19" class="Tests\Feature\Auth\RegistrationTest" classname="Tests.Feature.Auth.RegistrationTest" assertions="3" time="0.674917"/>
      </testsuite>
      <testsuite name="Tests\Feature\DashboardTest" file="D:\Projets\esudelib-react-main\esudelib-react\tests\Feature\DashboardTest.php" tests="2" assertions="3" errors="0" failures="0" skipped="0" time="1.865179">
        <testcase name="test_guests_are_redirected_to_the_login_page" file="D:\Projets\esudelib-react-main\esudelib-react\tests\Feature\DashboardTest.php" line="13" class="Tests\Feature\DashboardTest" classname="Tests.Feature.DashboardTest" assertions="2" time="0.964360"/>
        <testcase name="test_authenticated_users_can_visit_the_dashboard" file="D:\Projets\esudelib-react-main\esudelib-react\tests\Feature\DashboardTest.php" line="18" class="Tests\Feature\DashboardTest" classname="Tests.Feature.DashboardTest" assertions="1" time="0.900818"/>
      </testsuite>
      <testsuite name="Tests\Feature\Payment\CinetPayIntegrationTest" file="D:\Projets\esudelib-react-main\esudelib-react\tests\Feature\Payment\CinetPayIntegrationTest.php" tests="5" assertions="14" errors="0" failures="0" skipped="0" time="3.699832">
        <testcase name="test_payment_initialization_workflow" file="D:\Projets\esudelib-react-main\esudelib-react\tests\Feature\Payment\CinetPayIntegrationTest.php" line="37" class="Tests\Feature\Payment\CinetPayIntegrationTest" classname="Tests.Feature.Payment.CinetPayIntegrationTest" assertions="3" time="1.008757"/>
        <testcase name="test_payment_verification_workflow" file="D:\Projets\esudelib-react-main\esudelib-react\tests\Feature\Payment\CinetPayIntegrationTest.php" line="85" class="Tests\Feature\Payment\CinetPayIntegrationTest" classname="Tests.Feature.Payment.CinetPayIntegrationTest" assertions="3" time="0.676648"/>
        <testcase name="test_processes_payment_webhook" file="D:\Projets\esudelib-react-main\esudelib-react\tests\Feature\Payment\CinetPayIntegrationTest.php" line="124" class="Tests\Feature\Payment\CinetPayIntegrationTest" classname="Tests.Feature.Payment.CinetPayIntegrationTest" assertions="3" time="0.669920"/>
        <testcase name="test_retrieves_payment_history" file="D:\Projets\esudelib-react-main\esudelib-react\tests\Feature\Payment\CinetPayIntegrationTest.php" line="149" class="Tests\Feature\Payment\CinetPayIntegrationTest" classname="Tests.Feature.Payment.CinetPayIntegrationTest" assertions="2" time="0.667599"/>
        <testcase name="test_generates_payment_receipt" file="D:\Projets\esudelib-react-main\esudelib-react\tests\Feature\Payment\CinetPayIntegrationTest.php" line="172" class="Tests\Feature\Payment\CinetPayIntegrationTest" classname="Tests.Feature.Payment.CinetPayIntegrationTest" assertions="3" time="0.676907"/>
      </testsuite>
      <testsuite name="Tests\Feature\Settings\PasswordUpdateTest" file="D:\Projets\esudelib-react-main\esudelib-react\tests\Feature\Settings\PasswordUpdateTest.php" tests="2" assertions="8" errors="0" failures="0" skipped="0" time="1.438181">
        <testcase name="test_password_can_be_updated" file="D:\Projets\esudelib-react-main\esudelib-react\tests\Feature\Settings\PasswordUpdateTest.php" line="14" class="Tests\Feature\Settings\PasswordUpdateTest" classname="Tests.Feature.Settings.PasswordUpdateTest" assertions="4" time="0.754718"/>
        <testcase name="test_correct_password_must_be_provided_to_update_password" file="D:\Projets\esudelib-react-main\esudelib-react\tests\Feature\Settings\PasswordUpdateTest.php" line="34" class="Tests\Feature\Settings\PasswordUpdateTest" classname="Tests.Feature.Settings.PasswordUpdateTest" assertions="4" time="0.683463"/>
      </testsuite>
      <testsuite name="Tests\Feature\Settings\ProfileUpdateTest" file="D:\Projets\esudelib-react-main\esudelib-react\tests\Feature\Settings\ProfileUpdateTest.php" tests="5" assertions="21" errors="0" failures="0" skipped="0" time="3.737507">
        <testcase name="test_profile_page_is_displayed" file="D:\Projets\esudelib-react-main\esudelib-react\tests\Feature\Settings\ProfileUpdateTest.php" line="13" class="Tests\Feature\Settings\ProfileUpdateTest" classname="Tests.Feature.Settings.ProfileUpdateTest" assertions="1" time="0.718034"/>
        <testcase name="test_profile_information_can_be_updated" file="D:\Projets\esudelib-react-main\esudelib-react\tests\Feature\Settings\ProfileUpdateTest.php" line="24" class="Tests\Feature\Settings\ProfileUpdateTest" classname="Tests.Feature.Settings.ProfileUpdateTest" assertions="6" time="0.657372"/>
        <testcase name="test_email_verification_status_is_unchanged_when_the_email_address_is_unchanged" file="D:\Projets\esudelib-react-main\esudelib-react\tests\Feature\Settings\ProfileUpdateTest.php" line="46" class="Tests\Feature\Settings\ProfileUpdateTest" classname="Tests.Feature.Settings.ProfileUpdateTest" assertions="4" time="0.696677"/>
        <testcase name="test_user_can_delete_their_account" file="D:\Projets\esudelib-react-main\esudelib-react\tests\Feature\Settings\ProfileUpdateTest.php" line="64" class="Tests\Feature\Settings\ProfileUpdateTest" classname="Tests.Feature.Settings.ProfileUpdateTest" assertions="5" time="0.951058"/>
        <testcase name="test_correct_password_must_be_provided_to_delete_account" file="D:\Projets\esudelib-react-main\esudelib-react\tests\Feature\Settings\ProfileUpdateTest.php" line="82" class="Tests\Feature\Settings\ProfileUpdateTest" classname="Tests.Feature.Settings.ProfileUpdateTest" assertions="5" time="0.714366"/>
      </testsuite>
      <testsuite name="Tests\Feature\Student\StudentRegistrationWorkflowTest" file="D:\Projets\esudelib-react-main\esudelib-react\tests\Feature\Student\StudentRegistrationWorkflowTest.php" tests="4" assertions="18" errors="0" failures="0" skipped="0" time="2.882673">
        <testcase name="test_complete_student_registration_workflow" file="D:\Projets\esudelib-react-main\esudelib-react\tests\Feature\Student\StudentRegistrationWorkflowTest.php" line="26" class="Tests\Feature\Student\StudentRegistrationWorkflowTest" classname="Tests.Feature.Student.StudentRegistrationWorkflowTest" assertions="11" time="0.783568"/>
        <testcase name="test_student_can_update_course_selection" file="D:\Projets\esudelib-react-main\esudelib-react\tests\Feature\Student\StudentRegistrationWorkflowTest.php" line="96" class="Tests\Feature\Student\StudentRegistrationWorkflowTest" classname="Tests.Feature.Student.StudentRegistrationWorkflowTest" assertions="2" time="0.687380"/>
        <testcase name="test_registration_with_payment_workflow" file="D:\Projets\esudelib-react-main\esudelib-react\tests\Feature\Student\StudentRegistrationWorkflowTest.php" line="122" class="Tests\Feature\Student\StudentRegistrationWorkflowTest" classname="Tests.Feature.Student.StudentRegistrationWorkflowTest" assertions="2" time="0.715238"/>
        <testcase name="test_document_upload_during_registration" file="D:\Projets\esudelib-react-main\esudelib-react\tests\Feature\Student\StudentRegistrationWorkflowTest.php" line="152" class="Tests\Feature\Student\StudentRegistrationWorkflowTest" classname="Tests.Feature.Student.StudentRegistrationWorkflowTest" assertions="3" time="0.696487"/>
      </testsuite>
    </testsuite>
  </testsuite>
</testsuites>
